nohup: ignoring input
=== [2026-07-07T18:40:03+00:00] [Git-Ops Agent] committing 6 candidate configs (one commit each) ===
  [Git-Ops Agent] committed imgsz960 -> 36f246b
  [Git-Ops Agent] committed no_mosaic -> 31e5747
  [Git-Ops Agent] committed focal_loss -> 1da8520
  [Git-Ops Agent] committed cos_lr -> 32b6bce
  [Git-Ops Agent] committed copy_paste -> c9e7894
  [Git-Ops Agent] committed no_geo_aug -> 35e8883
=== [2026-07-07T18:40:03+00:00] [Trainer Agent] launching 6 runs in parallel (one GPU each) ===
  [Trainer Agent] launched imgsz960 on device 0 (pid 683250)
  [Monitor Agent] polling imgsz960 every 300s -> /home/dataset1/gaojing/uautoresearch/experiment_logs/cv-svrdd-detect-jul06/runs/imgsz960/{monitor.log,metrics.csv}
  [Trainer Agent] launched no_mosaic on device 1 (pid 683252)
  [Monitor Agent] polling no_mosaic every 300s -> /home/dataset1/gaojing/uautoresearch/experiment_logs/cv-svrdd-detect-jul06/runs/no_mosaic/{monitor.log,metrics.csv}
  [Trainer Agent] launched focal_loss on device 2 (pid 683255)
  [Monitor Agent] polling focal_loss every 300s -> /home/dataset1/gaojing/uautoresearch/experiment_logs/cv-svrdd-detect-jul06/runs/focal_loss/{monitor.log,metrics.csv}
  [Trainer Agent] launched cos_lr on device 3 (pid 683258)
  [Monitor Agent] polling cos_lr every 300s -> /home/dataset1/gaojing/uautoresearch/experiment_logs/cv-svrdd-detect-jul06/runs/cos_lr/{monitor.log,metrics.csv}
  [Trainer Agent] launched copy_paste on device 4 (pid 683262)
  [Monitor Agent] polling copy_paste every 300s -> /home/dataset1/gaojing/uautoresearch/experiment_logs/cv-svrdd-detect-jul06/runs/copy_paste/{monitor.log,metrics.csv}
  [Trainer Agent] launched no_geo_aug on device 5 (pid 683269)
  [Monitor Agent] polling no_geo_aug every 300s -> /home/dataset1/gaojing/uautoresearch/experiment_logs/cv-svrdd-detect-jul06/runs/no_geo_aug/{monitor.log,metrics.csv}
=== [2026-07-07T18:40:03+00:00] [Trainer Agent] waiting for all 6 runs to finish (budget 300min) ===
=== [2026-07-07T23:40:56+00:00] all parallel runs finished, handing off to Evaluator/Git-Ops Agents ===
[Evaluator Agent] imgsz960 -> metric=0.49592 status=keep (commit 36f246b)
[Git-Ops Agent] imgsz960 kept as new best (commit 36f246b stays on branch)
[Evaluator Agent] no_mosaic -> metric=0.42922 status=discard (commit 31e5747)
usage: git revert [<options>] <commit-ish>...
   or: git revert <subcommand>

    --quit                end revert or cherry-pick sequence
    --continue            resume revert or cherry-pick sequence
    --abort               cancel revert or cherry-pick sequence
    --skip                skip current commit and continue
    --cleanup <mode>      how to strip spaces and #comments from message
    -n, --no-commit       don't automatically commit
    -e, --edit            edit the commit message
    -s, --signoff         add a Signed-off-by trailer
    -m, --mainline <parent-number>
                          select mainline parent
    --rerere-autoupdate   update the index with reused conflict resolution if possible
    --strategy <strategy>
                          merge strategy
    -X, --strategy-option <option>
                          option for merge strategy
    -S, --gpg-sign[=<key-id>]
                          GPG sign commit

[Git-Ops Agent] WARNING: manual revert needed for 31e5747 (no_mosaic)
[Evaluator Agent] focal_loss -> metric=0.0 status=discard (commit 1da8520)
usage: git revert [<options>] <commit-ish>...
   or: git revert <subcommand>

    --quit                end revert or cherry-pick sequence
    --continue            resume revert or cherry-pick sequence
    --abort               cancel revert or cherry-pick sequence
    --skip                skip current commit and continue
    --cleanup <mode>      how to strip spaces and #comments from message
    -n, --no-commit       don't automatically commit
    -e, --edit            edit the commit message
    -s, --signoff         add a Signed-off-by trailer
    -m, --mainline <parent-number>
                          select mainline parent
    --rerere-autoupdate   update the index with reused conflict resolution if possible
    --strategy <strategy>
                          merge strategy
    -X, --strategy-option <option>
                          option for merge strategy
    -S, --gpg-sign[=<key-id>]
                          GPG sign commit

[Git-Ops Agent] WARNING: manual revert needed for 1da8520 (focal_loss)
[Evaluator Agent] cos_lr -> metric=0.43325 status=discard (commit 32b6bce)
usage: git revert [<options>] <commit-ish>...
   or: git revert <subcommand>

    --quit                end revert or cherry-pick sequence
    --continue            resume revert or cherry-pick sequence
    --abort               cancel revert or cherry-pick sequence
    --skip                skip current commit and continue
    --cleanup <mode>      how to strip spaces and #comments from message
    -n, --no-commit       don't automatically commit
    -e, --edit            edit the commit message
    -s, --signoff         add a Signed-off-by trailer
    -m, --mainline <parent-number>
                          select mainline parent
    --rerere-autoupdate   update the index with reused conflict resolution if possible
    --strategy <strategy>
                          merge strategy
    -X, --strategy-option <option>
                          option for merge strategy
    -S, --gpg-sign[=<key-id>]
                          GPG sign commit

[Git-Ops Agent] WARNING: manual revert needed for 32b6bce (cos_lr)
[Evaluator Agent] copy_paste -> metric=0.43496 status=discard (commit c9e7894)
usage: git revert [<options>] <commit-ish>...
   or: git revert <subcommand>

    --quit                end revert or cherry-pick sequence
    --continue            resume revert or cherry-pick sequence
    --abort               cancel revert or cherry-pick sequence
    --skip                skip current commit and continue
    --cleanup <mode>      how to strip spaces and #comments from message
    -n, --no-commit       don't automatically commit
    -e, --edit            edit the commit message
    -s, --signoff         add a Signed-off-by trailer
    -m, --mainline <parent-number>
                          select mainline parent
    --rerere-autoupdate   update the index with reused conflict resolution if possible
    --strategy <strategy>
                          merge strategy
    -X, --strategy-option <option>
                          option for merge strategy
    -S, --gpg-sign[=<key-id>]
                          GPG sign commit

[Git-Ops Agent] WARNING: manual revert needed for c9e7894 (copy_paste)
[Evaluator Agent] no_geo_aug -> metric=0.44223 status=discard (commit 35e8883)
usage: git revert [<options>] <commit-ish>...
   or: git revert <subcommand>

    --quit                end revert or cherry-pick sequence
    --continue            resume revert or cherry-pick sequence
    --abort               cancel revert or cherry-pick sequence
    --skip                skip current commit and continue
    --cleanup <mode>      how to strip spaces and #comments from message
    -n, --no-commit       don't automatically commit
    -e, --edit            edit the commit message
    -s, --signoff         add a Signed-off-by trailer
    -m, --mainline <parent-number>
                          select mainline parent
    --rerere-autoupdate   update the index with reused conflict resolution if possible
    --strategy <strategy>
                          merge strategy
    -X, --strategy-option <option>
                          option for merge strategy
    -S, --gpg-sign[=<key-id>]
                          GPG sign commit

[Git-Ops Agent] WARNING: manual revert needed for 35e8883 (no_geo_aug)
=== [2026-07-07T23:40:57+00:00] [Git-Ops Agent] new overall best: imgsz960 (mAP50-95=0.49592) ===
=== [2026-07-07T23:40:57+00:00] Tier 0/1 parallel batch complete (new multi-agent design). Results: ===
commit,metric_value,peak_vram_gb,status,domain,engine,description
36f246b,0.49592,30.8,keep,cv,ultralytics,imgsz960: imgsz 640->960 for thin/elongated crack classes
31e5747,0.42922,30.3,discard,cv,ultralytics,no_mosaic: disable mosaic augmentation (may fragment thin linear crack features)
1da8520,0.0,0.0,discard,cv,ultralytics,focal_loss: focal loss (fl_gamma=1.5) to address class imbalance (Pothole 4.4%)
32b6bce,0.43325,30.3,discard,cv,ultralytics,cos_lr: cosine LR schedule + lower initial LR for stabler fine-tuning
c9e7894,0.43496,30.3,discard,cv,ultralytics,copy_paste: copy-paste augmentation to boost rare-class (Pothole/Alligator) exposure
35e8883,0.44223,30.3,discard,cv,ultralytics,no_geo_aug: disable rotation/shear/perspective (orientation is class-defining)
=== Next: [Orchestrator] hand off to Knowledge-Update Agent (skills/knowledge-update/SKILL.md) if this was the last tier ===
